<?xml version="1.0" encoding="UTF-8"?>
<!-- Generated by org.testng.reporters.JUnitXMLReporter -->
<testsuite hostname="DESKTOP-OQ59V6H" ignored="0" name="1st Set of testing In Jenkins" tests="3" failures="1" timestamp="27 Dec 2021 19:42:19 GMT" time="0.077" errors="0">
  <testcase name="@BeforeMethod startTestcase" time="0.0" classname="com.qa.testlogic.TestCase1">
    <failure type="org.testng.TestNGException" message="
Parameter &amp;apos;browser&amp;apos; is required by BeforeMethod on method startTestcase but has not been marked @Optional or defined
in C:\Aafaque\TestNGFramework\SeleniumTestNGMavenProject\src\main\resources\testngJobs.xml">
      <![CDATA[org.testng.TestNGException: 
Parameter 'browser' is required by BeforeMethod on method startTestcase but has not been marked @Optional or defined
in C:\Aafaque\TestNGFramework\SeleniumTestNGMavenProject\src\main\resources\testngJobs.xml
	at java.util.concurrent.ThreadPoolExecutor.runWorker(Unknown Source)
	at java.util.concurrent.ThreadPoolExecutor$Worker.run(Unknown Source)
	at java.lang.Thread.run(Unknown Source)
... Removed 9 stack frames]]>
    </failure>
  </testcase> <!-- @BeforeMethod startTestcase -->
  <testcase name="@BeforeMethod startTestcase" time="0.0" classname="com.qa.testlogic.TestCase1">
    <failure type="org.testng.TestNGException" message="
Parameter &amp;apos;browser&amp;apos; is required by BeforeMethod on method startTestcase but has not been marked @Optional or defined
in C:\Aafaque\TestNGFramework\SeleniumTestNGMavenProject\src\main\resources\testngJobs.xml">
      <![CDATA[org.testng.TestNGException: 
Parameter 'browser' is required by BeforeMethod on method startTestcase but has not been marked @Optional or defined
in C:\Aafaque\TestNGFramework\SeleniumTestNGMavenProject\src\main\resources\testngJobs.xml
	at java.util.concurrent.ThreadPoolExecutor.runWorker(Unknown Source)
	at java.util.concurrent.ThreadPoolExecutor$Worker.run(Unknown Source)
	at java.lang.Thread.run(Unknown Source)
... Removed 9 stack frames]]>
    </failure>
  </testcase> <!-- @BeforeMethod startTestcase -->
  <testcase name="@AfterMethod endTestcase" time="0.0" classname="com.qa.testlogic.TestCase1">
    <skipped/>
  </testcase> <!-- @AfterMethod endTestcase -->
  <testcase name="@AfterMethod endTestcase" time="0.0" classname="com.qa.testlogic.TestCase1">
    <skipped/>
  </testcase> <!-- @AfterMethod endTestcase -->
  <testcase name="startCase1" time="0.0" classname="com.qa.testlogic.TestCase1">
    <failure type="org.testng.TestNGException" message="
Parameter &amp;apos;txnref&amp;apos; is required by @Test on method startCase1 but has not been marked @Optional or defined
in C:\Aafaque\TestNGFramework\SeleniumTestNGMavenProject\src\main\resources\testngJobs.xml">
      <![CDATA[org.testng.TestNGException: 
Parameter 'txnref' is required by @Test on method startCase1 but has not been marked @Optional or defined
in C:\Aafaque\TestNGFramework\SeleniumTestNGMavenProject\src\main\resources\testngJobs.xml
	at java.util.concurrent.ThreadPoolExecutor.runWorker(Unknown Source)
	at java.util.concurrent.ThreadPoolExecutor$Worker.run(Unknown Source)
	at java.lang.Thread.run(Unknown Source)
... Removed 8 stack frames]]>
    </failure>
  </testcase> <!-- startCase1 -->
  <testcase name="startCase3" time="0.018" classname="com.qa.testlogic.TestCase1">
    <skipped/>
  </testcase> <!-- startCase3 -->
  <testcase name="startCase2" time="0.017" classname="com.qa.testlogic.TestCase1">
    <skipped/>
  </testcase> <!-- startCase2 -->
</testsuite> <!-- 1st Set of testing In Jenkins -->
