<?xml version="1.0" encoding="UTF-8"?>
<!-- Generated by org.testng.reporters.JUnitReportReporter -->
<testsuite name="com.qa.testlogic.TestCase1" tests="5" time="0.035" ignored="0" failures="0" timestamp="27 Dec 2021 19:42:19 GMT" skipped="2" hostname="DESKTOP-OQ59V6H" errors="3">
  <testcase name="startTestcase" time="0.000" classname="com.qa.testlogic.TestCase1">
    <error type="org.testng.TestNGException" message="
Parameter &#039;browser&#039; is required by BeforeMethod on method startTestcase but has not been marked @Optional or defined
in C:\Aafaque\TestNGFramework\SeleniumTestNGMavenProject\src\main\resources\testngJobs.xml">
      <![CDATA[org.testng.TestNGException: 
Parameter 'browser' is required by BeforeMethod on method startTestcase but has not been marked @Optional or defined
in C:\Aafaque\TestNGFramework\SeleniumTestNGMavenProject\src\main\resources\testngJobs.xml
	at org.testng.internal.Parameters.createParameters(Parameters.java:199)
	at org.testng.internal.Parameters.createParameters(Parameters.java:443)
	at org.testng.internal.Parameters.createConfigurationParameters(Parameters.java:118)
	at org.testng.internal.Invoker.invokeConfigurations(Invoker.java:203)
	at org.testng.internal.Invoker.invokeMethod(Invoker.java:590)
	at org.testng.internal.Invoker.invokeTestMethod(Invoker.java:851)
	at org.testng.internal.Invoker.invokeTestMethods(Invoker.java:1177)
	at org.testng.internal.TestMethodWorker.invokeTestMethods(TestMethodWorker.java:129)
	at org.testng.internal.TestMethodWorker.run(TestMethodWorker.java:112)
	at java.util.concurrent.ThreadPoolExecutor.runWorker(Unknown Source)
	at java.util.concurrent.ThreadPoolExecutor$Worker.run(Unknown Source)
	at java.lang.Thread.run(Unknown Source)
]]>
    </error>
  </testcase> <!-- startTestcase -->
  <testcase name="startCase1" time="0.000" classname="com.qa.testlogic.TestCase1">
    <error type="org.testng.TestNGException" message="
Parameter &#039;txnref&#039; is required by @Test on method startCase1 but has not been marked @Optional or defined
in C:\Aafaque\TestNGFramework\SeleniumTestNGMavenProject\src\main\resources\testngJobs.xml">
      <![CDATA[org.testng.TestNGException: 
Parameter 'txnref' is required by @Test on method startCase1 but has not been marked @Optional or defined
in C:\Aafaque\TestNGFramework\SeleniumTestNGMavenProject\src\main\resources\testngJobs.xml
	at org.testng.internal.Parameters.createParameters(Parameters.java:199)
	at org.testng.internal.Parameters.createParameters(Parameters.java:443)
	at org.testng.internal.Parameters.handleParameters(Parameters.java:568)
	at org.testng.internal.Invoker.handleParameters(Invoker.java:1293)
	at org.testng.internal.Invoker.createParameters(Invoker.java:1020)
	at org.testng.internal.Invoker.invokeTestMethods(Invoker.java:1110)
	at org.testng.internal.TestMethodWorker.invokeTestMethods(TestMethodWorker.java:129)
	at org.testng.internal.TestMethodWorker.run(TestMethodWorker.java:112)
	at java.util.concurrent.ThreadPoolExecutor.runWorker(Unknown Source)
	at java.util.concurrent.ThreadPoolExecutor$Worker.run(Unknown Source)
	at java.lang.Thread.run(Unknown Source)
]]>
    </error>
  </testcase> <!-- startCase1 -->
  <testcase name="startCase3" time="0.018" classname="com.qa.testlogic.TestCase1">
    <skipped/>
  </testcase> <!-- startCase3 -->
  <testcase name="startTestcase" time="0.000" classname="com.qa.testlogic.TestCase1">
    <error type="org.testng.TestNGException" message="
Parameter &#039;browser&#039; is required by BeforeMethod on method startTestcase but has not been marked @Optional or defined
in C:\Aafaque\TestNGFramework\SeleniumTestNGMavenProject\src\main\resources\testngJobs.xml">
      <![CDATA[org.testng.TestNGException: 
Parameter 'browser' is required by BeforeMethod on method startTestcase but has not been marked @Optional or defined
in C:\Aafaque\TestNGFramework\SeleniumTestNGMavenProject\src\main\resources\testngJobs.xml
	at org.testng.internal.Parameters.createParameters(Parameters.java:199)
	at org.testng.internal.Parameters.createParameters(Parameters.java:443)
	at org.testng.internal.Parameters.createConfigurationParameters(Parameters.java:118)
	at org.testng.internal.Invoker.invokeConfigurations(Invoker.java:203)
	at org.testng.internal.Invoker.invokeMethod(Invoker.java:590)
	at org.testng.internal.Invoker.invokeTestMethod(Invoker.java:851)
	at org.testng.internal.Invoker.invokeTestMethods(Invoker.java:1177)
	at org.testng.internal.TestMethodWorker.invokeTestMethods(TestMethodWorker.java:129)
	at org.testng.internal.TestMethodWorker.run(TestMethodWorker.java:112)
	at java.util.concurrent.ThreadPoolExecutor.runWorker(Unknown Source)
	at java.util.concurrent.ThreadPoolExecutor$Worker.run(Unknown Source)
	at java.lang.Thread.run(Unknown Source)
]]>
    </error>
  </testcase> <!-- startTestcase -->
  <testcase name="startCase2" time="0.017" classname="com.qa.testlogic.TestCase1">
    <skipped/>
  </testcase> <!-- startCase2 -->
</testsuite> <!-- com.qa.testlogic.TestCase1 -->
